<?xml version="1.0" encoding="UTF-8"?>
<testng-results ignored="0" total="1" passed="1" failed="0" skipped="0">
  <reporter-output>
  </reporter-output>
  <suite started-at="2024-03-07T11:22:20 IST" name="Suite" finished-at="2024-03-07T11:22:26 IST" duration-ms="6103">
    <groups>
    </groups>
    <test started-at="2024-03-07T11:22:20 IST" name="Test" finished-at="2024-03-07T11:22:26 IST" duration-ms="6103">
      <class name="Maven1.Project123.SecondTest">
        <test-method is-config="true" signature="launchBrowser()[pri:0, instance:Maven1.Project123.SecondTest@1d1f7216]" started-at="2024-03-07T11:22:20 IST" name="launchBrowser" finished-at="2024-03-07T11:22:20 IST" duration-ms="9" status="PASS">
          <reporter-output>
          </reporter-output>
        </test-method> <!-- launchBrowser -->
        <test-method is-config="true" signature="Login()[pri:0, instance:Maven1.Project123.SecondTest@1d1f7216]" started-at="2024-03-07T11:22:20 IST" name="Login" finished-at="2024-03-07T11:22:24 IST" duration-ms="3458" status="PASS">
          <reporter-output>
          </reporter-output>
        </test-method> <!-- Login -->
        <test-method signature="walk()[pri:0, instance:Maven1.Project123.SecondTest@1d1f7216]" started-at="2024-03-07T11:22:24 IST" name="walk" finished-at="2024-03-07T11:22:26 IST" duration-ms="2319" status="PASS">
          <reporter-output>
          </reporter-output>
        </test-method> <!-- walk -->
        <test-method is-config="true" signature="logout()[pri:0, instance:Maven1.Project123.SecondTest@1d1f7216]" started-at="2024-03-07T11:22:26 IST" name="logout" finished-at="2024-03-07T11:22:26 IST" duration-ms="2" status="PASS">
          <reporter-output>
          </reporter-output>
        </test-method> <!-- logout -->
        <test-method is-config="true" signature="closeBrowser()[pri:0, instance:Maven1.Project123.SecondTest@1d1f7216]" started-at="2024-03-07T11:22:26 IST" name="closeBrowser" finished-at="2024-03-07T11:22:26 IST" duration-ms="262" status="PASS">
          <reporter-output>
          </reporter-output>
        </test-method> <!-- closeBrowser -->
      </class> <!-- Maven1.Project123.SecondTest -->
    </test> <!-- Test -->
  </suite> <!-- Suite -->
</testng-results>
